
> full-system-backend@0.1.0 dev:backend
> powershell -NoProfile -Command "$c=Get-NetTCPConnection -LocalPort 5000 -State Listen -ErrorAction SilentlyContinue | Select-Object -First 1; if($c){ try{ Stop-Process -Id $c.OwningProcess -Force -ErrorAction SilentlyContinue }catch{} }; tsx watch server.ts"

API listening on http://localhost:5000
DB connected.
C:\Users\Taban-pc\Pictures\Full-System\node_modules\mongoose\lib\schema\objectId.js:253
    throw new CastError('ObjectId', value, this.path, error, this);
          ^

CastError: Cast to ObjectId failed for value "time-entries" (type string) at path "_id" for model "Project"
    at SchemaObjectId.cast (C:\Users\Taban-pc\Pictures\Full-System\node_modules\mongoose\lib\schema\objectId.js:253:11)
    at SchemaType.applySetters (C:\Users\Taban-pc\Pictures\Full-System\node_modules\mongoose\lib\schemaType.js:1288:12)
    at SchemaType.castForQuery (C:\Users\Taban-pc\Pictures\Full-System\node_modules\mongoose\lib\schemaType.js:1724:17)
    at cast (C:\Users\Taban-pc\Pictures\Full-System\node_modules\mongoose\lib\cast.js:390:32)
    at Query.cast (C:\Users\Taban-pc\Pictures\Full-System\node_modules\mongoose\lib\query.js:5060:12)
    at Query._castConditions (C:\Users\Taban-pc\Pictures\Full-System\node_modules\mongoose\lib\query.js:2374:10)
    at model.Query._findOne (C:\Users\Taban-pc\Pictures\Full-System\node_modules\mongoose\lib\query.js:2697:8)
    at model.Query.exec (C:\Users\Taban-pc\Pictures\Full-System\node_modules\mongoose\lib\query.js:4627:80)
    at process.processTicksAndRejections (node:internal/process/task_queues:103:5)
    at async <anonymous> (C:\Users\Taban-pc\Pictures\Full-System\routes\projectsRoutes.ts:28:15) {
  stringValue: '"time-entries"',
  messageFormat: undefined,
  kind: 'ObjectId',
  value: 'time-entries',
  path: '_id',
  reason: BSONError: input must be a 24 character hex string, 12 byte Uint8Array, or an integer
      at new ObjectId (C:\Users\Taban-pc\Pictures\Full-System\node_modules\bson\src\objectid.ts:120:15)
      at castObjectId (C:\Users\Taban-pc\Pictures\Full-System\node_modules\mongoose\lib\cast\objectid.js:25:12)
      at SchemaObjectId.cast (C:\Users\Taban-pc\Pictures\Full-System\node_modules\mongoose\lib\schema\objectId.js:251:12)
      at SchemaType.applySetters (C:\Users\Taban-pc\Pictures\Full-System\node_modules\mongoose\lib\schemaType.js:1288:12)
      at SchemaType.castForQuery (C:\Users\Taban-pc\Pictures\Full-System\node_modules\mongoose\lib\schemaType.js:1724:17)
      at cast (C:\Users\Taban-pc\Pictures\Full-System\node_modules\mongoose\lib\cast.js:390:32)
      at Query.cast (C:\Users\Taban-pc\Pictures\Full-System\node_modules\mongoose\lib\query.js:5060:12)
      at Query._castConditions (C:\Users\Taban-pc\Pictures\Full-System\node_modules\mongoose\lib\query.js:2374:10)
      at model.Query._findOne (C:\Users\Taban-pc\Pictures\Full-System\node_modules\mongoose\lib\query.js:2697:8)
      at model.Query.exec (C:\Users\Taban-pc\Pictures\Full-System\node_modules\mongoose\lib\query.js:4627:80),
  valueType: 'string'
}

Node.js v24.13.0
11:50:24 AM [tsx] change in ./routes\projectsRoutes.ts Rerunning...
cnode:events:486
      throw er; // Unhandled 'error' event
      ^

Error: listen EADDRINUSE: address already in use :::5000
    at Server.setupListenHandle [as _listen2] (node:net:1940:16)
    at listenInCluster (node:net:1997:12)
    at Server.listen (node:net:2102:7)
    at app.listen (C:\Users\Taban-pc\Pictures\Full-System\node_modules\express\lib\application.js:635:24)
    at start (C:\Users\Taban-pc\Pictures\Full-System\server.ts:116:7)
    at <anonymous> (C:\Users\Taban-pc\Pictures\Full-System\server.ts:123:1)
    at ModuleJob.run (node:internal/modules/esm/module_job:413:25)
    at async onImport.tracePromise.__proto__ (node:internal/modules/esm/loader:660:26)
    at async asyncRunEntryPointWithESMLoader (node:internal/modules/run_main:101:5)
Emitted 'error' event on Server instance at:
    at emitErrorNT (node:net:1976:8)
    at process.processTicksAndRejections (node:internal/process/task_queues:89:21) {
  code: 'EADDRINUSE',
  errno: -4091,
  syscall: 'listen',
  address: '::',
  port: 5000
}

Node.js v24.13.0
