PayloadTooLargeError: request entity too large
    at readStream (C:\Users\Taban-pc\Pictures\Full-System\node_modules\raw-body\index.js:163:17)
    at getRawBody (C:\Users\Taban-pc\Pictures\Full-System\node_modules\raw-body\index.js:116:12)
    at read (C:\Users\Taban-pc\Pictures\Full-System\node_modules\body-parser\lib\read.js:79:3)
    at jsonParser (C:\Users\Taban-pc\Pictures\Full-System\node_modules\body-parser\lib\types\json.js:138:5)
    at Layer.handle [as handle_request] (C:\Users\Taban-pc\Pictures\Full-System\node_modules\express\lib\router\layer.js:95:5)
    at trim_prefix (C:\Users\Taban-pc\Pictures\Full-System\node_modules\express\lib\router\index.js:328:13)
    at C:\Users\Taban-pc\Pictures\Full-System\node_modules\express\lib\router\index.js:286:9
    at router.process_params (C:\Users\Taban-pc\Pictures\Full-System\node_modules\express\lib\router\index.js:346:12)
    at next (C:\Users\Taban-pc\Pictures\Full-System\node_modules\express\lib\router\index.js:280:10)
    at expressInit (C:\Users\Taban-pc\Pictures\Full-System\node_modules\express\lib\middleware\init.js:40:5) {
  expected: 27010804,
  length: 27010804,
  limit: 20971520,
  type: 'entity.too.large'
}
Failed to listen on port 5000: Error: listen EADDRINUSE: address already in use :::5000
    at Server.setupListenHandle [as _listen2] (node:net:1940:16)
    at listenInCluster (node:net:1997:12)
    at Server.listen (node:net:2102:7)
    at app.listen (C:\Users\Taban-pc\Pictures\Full-System\node_modules\express\lib\application.js:635:24)
    at start (C:\Users\Taban-pc\Pictures\Full-System\server.ts:175:16)
    at process.processTicksAndRejections (node:internal/process/task_queues:103:5) {
  code: 'EADDRINUSE',
  errno: -4091,
  syscall: 'listen',
  address: '::',
  port: 5000
}
